<?xml version="1.0" encoding="UTF-8"?>
<testsuite name="domain.GameBoardMakerTest" tests="2" skipped="0" failures="0" errors="0" timestamp="2022-10-26T16:43:50" hostname="DELL-INSPIRON16" time="0.013">
  <properties/>
  <testcase name="makeBoardRangeTest()" classname="domain.GameBoardMakerTest" time="0.011"/>
  <testcase name="makeBoardSizeTest()" classname="domain.GameBoardMakerTest" time="0.001"/>
  <system-out><![CDATA[]]></system-out>
  <system-err><![CDATA[]]></system-err>
</testsuite>
